<?xml version="1.0" encoding="UTF-8"?>
<!-- Generated by org.testng.reporters.JUnitXMLReporter -->
<testsuite hostname="POO-PC" name="test1" tests="3" failures="2" timestamp="12 Nov 2013 08:20:05 GMT" time="0.039" errors="0">
  <testcase name="testAdd" time="0.015" classname="test.TestNGSimpleTest"/>
  <testcase name="testCalcualateAppraisal" time="0.0020" classname="test.TestEmployeeDetails">
    <failure type="java.lang.AssertionError" message="expected [1000.0] but found [500]">
      <![CDATA[java.lang.AssertionError: expected [1000.0] but found [500]
	at test.TestEmployeeDetails.testCalcualateAppraisal(TestEmployeeDetails.java:15)
... Removed 28 stack frames]]>
    </failure>
  </testcase> <!-- testCalcualateAppraisal -->
  <testcase name="testCalculateYearlySalary" time="0.0010" classname="test.TestEmployeeDetails">
    <failure type="java.lang.AssertionError" message="expected [372000.0] but found [420000]">
      <![CDATA[java.lang.AssertionError: expected [372000.0] but found [420000]
	at test.TestEmployeeDetails.testCalculateYearlySalary(TestEmployeeDetails.java:23)
... Removed 28 stack frames]]>
    </failure>
  </testcase> <!-- testCalculateYearlySalary -->
</testsuite> <!-- test1 -->
